<?xml version="1.0" encoding="UTF-8"?>
<testsuite xmlns:xsi="http://www.w3.org/2001/XMLSchema-instance" xsi:noNamespaceSchemaLocation="https://maven.apache.org/surefire/maven-surefire-plugin/xsd/surefire-test-report-3.0.xsd" version="3.0" name="com.eazybytes.loans.LoansApplicationTests" time="24.106" tests="1" errors="0" skipped="0" failures="0">
  <properties>
[...]
</properties>
  <testcase name="contextLoads" classname="com.eazybytes.loans.LoansApplicationTests" time="1.765">
    <system-out><![CDATA[17:37:39.650 [main] INFO org.springframework.test.context.support.AnnotationConfigContextLoaderUtils -- Could not detect default configuration classes for test class [com.eazybytes.loans.LoansApplicationTests]: LoansApplicationTests does not declare any static, non-private, non-final, nested classes annotated with @Configuration.
17:37:39.938 [main] INFO org.springframework.boot.test.context.SpringBootTestContextBootstrapper -- Found @SpringBootConfiguration com.eazybytes.loans.LoansApplication for test class com.eazybytes.loans.LoansApplicationTests
17:37:40.377 [main] INFO org.springframework.boot.devtools.restart.RestartApplicationListener -- Restart disabled due to context in which it is running

  .   ____          _            __ _ _
 /\\ / ___'_ __ _ _(_)_ __  __ _ \ \ \ \
( ( )\___ | '_ | '_| | '_ \/ _` | \ \ \ \
 \\/  ___)| |_)| | | | | || (_| |  ) ) ) )
  '  |____| .__|_| |_|_| |_\__, | / / / /
 =========|_|==============|___/=/_/_/_/

 :: Spring Boot ::                (v3.3.2)

2024-08-31T17:37:42.759+05:30  WARN 15708 --- [           main] ory$DuplicateJsonObjectContextCustomizer : 

Found multiple occurrences of org.json.JSONObject on the class path:

	jar:file:/C:/Users/dnagasre/.m2/repository/com/vaadin/external/google/android-json/0.0.20131108.vaadin1/android-json-0.0.20131108.vaadin1.jar!/org/json/JSONObject.class
	jar:file:/C:/Users/dnagasre/.m2/repository/org/json/json/20240303/json-20240303.jar!/org/json/JSONObject.class

You may wish to exclude one of them to ensure predictable runtime behavior

2024-08-31T17:37:42.803+05:30  INFO 15708 --- [           main] c.eazybytes.loans.LoansApplicationTests  : Starting LoansApplicationTests using Java 17.0.6 with PID 15708 (started by dnagasre in C:\Users\dnagasre\OneDrive - Capgemini\Documents\Spring Cloud\Course code\Learn\loans)
2024-08-31T17:37:42.805+05:30  INFO 15708 --- [           main] c.eazybytes.loans.LoansApplicationTests  : The following 1 profile is active: "prod"
2024-08-31T17:37:42.896+05:30  INFO 15708 --- [           main] o.s.c.c.c.ConfigServerConfigDataLoader   : Fetching config from server at : http://localhost:8088/
2024-08-31T17:37:42.896+05:30  INFO 15708 --- [           main] o.s.c.c.c.ConfigServerConfigDataLoader   : Exception on Url - http://localhost:8088/:org.springframework.web.client.ResourceAccessException: I/O error on GET request for "http://localhost:8088/application/default": Connection refused: no further information. Will be trying the next url if available
2024-08-31T17:37:42.896+05:30  WARN 15708 --- [           main] o.s.c.c.c.ConfigServerConfigDataLoader   : Could not locate PropertySource ([ConfigServerConfigDataResource@41ffaeb8 uris = array<String>['http://localhost:8088/'], optional = true, profiles = 'default']): I/O error on GET request for "http://localhost:8088/application/default": Connection refused: no further information
2024-08-31T17:37:42.897+05:30  INFO 15708 --- [           main] o.s.c.c.c.ConfigServerConfigDataLoader   : Fetching config from server at : http://localhost:8088/
2024-08-31T17:37:42.897+05:30  INFO 15708 --- [           main] o.s.c.c.c.ConfigServerConfigDataLoader   : Exception on Url - http://localhost:8088/:org.springframework.web.client.ResourceAccessException: I/O error on GET request for "http://localhost:8088/application/prod": Connection refused: no further information. Will be trying the next url if available
2024-08-31T17:37:42.898+05:30  WARN 15708 --- [           main] o.s.c.c.c.ConfigServerConfigDataLoader   : Could not locate PropertySource ([ConfigServerConfigDataResource@9d3c67 uris = array<String>['http://localhost:8088/'], optional = true, profiles = 'prod']): I/O error on GET request for "http://localhost:8088/application/prod": Connection refused: no further information
2024-08-31T17:37:42.898+05:30  INFO 15708 --- [           main] o.s.c.c.c.ConfigServerConfigDataLoader   : Fetching config from server at : http://localhost:8088/
2024-08-31T17:37:42.898+05:30  INFO 15708 --- [           main] o.s.c.c.c.ConfigServerConfigDataLoader   : Exception on Url - http://localhost:8088/:org.springframework.web.client.ResourceAccessException: I/O error on GET request for "http://localhost:8088/application/default": Connection refused: no further information. Will be trying the next url if available
2024-08-31T17:37:42.898+05:30  WARN 15708 --- [           main] o.s.c.c.c.ConfigServerConfigDataLoader   : Could not locate PropertySource ([ConfigServerConfigDataResource@6c806c8b uris = array<String>['http://localhost:8088/'], optional = true, profiles = 'default']): I/O error on GET request for "http://localhost:8088/application/default": Connection refused: no further information
2024-08-31T17:37:45.856+05:30  INFO 15708 --- [           main] .s.d.r.c.RepositoryConfigurationDelegate : Bootstrapping Spring Data JPA repositories in DEFAULT mode.
2024-08-31T17:37:46.279+05:30  INFO 15708 --- [           main] .s.d.r.c.RepositoryConfigurationDelegate : Finished Spring Data repository scanning in 407 ms. Found 1 JPA repository interface.
2024-08-31T17:37:46.642+05:30  INFO 15708 --- [           main] faultConfiguringBeanFactoryPostProcessor : No bean named 'errorChannel' has been explicitly defined. Therefore, a default PublishSubscribeChannel will be created.
2024-08-31T17:37:46.669+05:30  INFO 15708 --- [           main] faultConfiguringBeanFactoryPostProcessor : No bean named 'integrationHeaderChannelRegistry' has been explicitly defined. Therefore, a default DefaultHeaderChannelRegistry will be created.
2024-08-31T17:37:46.953+05:30  INFO 15708 --- [           main] o.s.cloud.context.scope.GenericScope     : BeanFactory id=5488f691-c56e-379d-b6a4-61e9a63c7c09
2024-08-31T17:37:48.235+05:30  INFO 15708 --- [           main] com.zaxxer.hikari.HikariDataSource       : HikariPool-1 - Starting...
2024-08-31T17:37:48.654+05:30  INFO 15708 --- [           main] com.zaxxer.hikari.pool.HikariPool        : HikariPool-1 - Added connection conn0: url=jdbc:h2:mem:testdb user=SA
2024-08-31T17:37:48.657+05:30  INFO 15708 --- [           main] com.zaxxer.hikari.HikariDataSource       : HikariPool-1 - Start completed.
2024-08-31T17:37:48.924+05:30  INFO 15708 --- [           main] o.hibernate.jpa.internal.util.LogHelper  : HHH000204: Processing PersistenceUnitInfo [name: default]
2024-08-31T17:37:49.119+05:30  INFO 15708 --- [           main] org.hibernate.Version                    : HHH000412: Hibernate ORM core version 6.5.2.Final
2024-08-31T17:37:49.217+05:30  INFO 15708 --- [           main] o.h.c.internal.RegionFactoryInitiator    : HHH000026: Second-level cache disabled
2024-08-31T17:37:50.104+05:30  INFO 15708 --- [           main] o.s.o.j.p.SpringPersistenceUnitInfo      : No LoadTimeWeaver setup: ignoring JPA class transformer
2024-08-31T17:37:50.227+05:30  WARN 15708 --- [           main] org.hibernate.orm.deprecation            : HHH90000025: H2Dialect does not need to be specified explicitly using 'hibernate.dialect' (remove the property setting and it will be selected by default)
2024-08-31T17:37:52.362+05:30  INFO 15708 --- [           main] o.h.e.t.j.p.i.JtaPlatformInitiator       : HHH000489: No JTA platform available (set 'hibernate.transaction.jta.platform' to enable JTA platform integration)
Hibernate: alter table if exists loans alter column loan_id set data type bigint
Hibernate: alter table if exists loans alter column created_at set data type timestamp(6)
Hibernate: alter table if exists loans alter column created_by set data type varchar(255)
Hibernate: alter table if exists loans alter column updated_at set data type timestamp(6)
Hibernate: alter table if exists loans alter column updated_by set data type varchar(255)
Hibernate: alter table if exists loans alter column loan_number set data type varchar(255)
Hibernate: alter table if exists loans alter column loan_type set data type varchar(255)
Hibernate: alter table if exists loans alter column mobile_number set data type varchar(255)
2024-08-31T17:37:52.485+05:30  INFO 15708 --- [           main] j.LocalContainerEntityManagerFactoryBean : Initialized JPA EntityManagerFactory for persistence unit 'default'
2024-08-31T17:37:54.809+05:30  WARN 15708 --- [           main] JpaBaseConfiguration$JpaWebConfiguration : spring.jpa.open-in-view is enabled by default. Therefore, database queries may be performed during view rendering. Explicitly configure spring.jpa.open-in-view to disable this warning
2024-08-31T17:37:58.816+05:30  INFO 15708 --- [           main] o.s.c.s.m.DirectWithAttributesChannel    : Channel 'application.springCloudBusInput' has 1 subscriber(s).
2024-08-31T17:37:59.221+05:30  INFO 15708 --- [           main] o.s.b.a.h2.H2ConsoleAutoConfiguration    : H2 console available at '/h2-console'. Database available at 'jdbc:h2:mem:testdb'
2024-08-31T17:38:00.621+05:30  INFO 15708 --- [           main] o.s.b.a.e.web.EndpointLinksResolver      : Exposing 1 endpoint beneath base path '/actuator'
2024-08-31T17:38:00.904+05:30  INFO 15708 --- [           main] o.s.i.endpoint.EventDrivenConsumer       : Adding {logging-channel-adapter:_org.springframework.integration.errorLogger} as a subscriber to the 'errorChannel' channel
2024-08-31T17:38:00.905+05:30  INFO 15708 --- [           main] o.s.i.channel.PublishSubscribeChannel    : Channel 'application.errorChannel' has 1 subscriber(s).
2024-08-31T17:38:00.906+05:30  INFO 15708 --- [           main] o.s.i.endpoint.EventDrivenConsumer       : started bean '_org.springframework.integration.errorLogger'
2024-08-31T17:38:01.003+05:30  INFO 15708 --- [           main] o.s.c.s.binder.DefaultBinderFactory      : Creating binder: rabbit
2024-08-31T17:38:01.003+05:30  INFO 15708 --- [           main] o.s.c.s.binder.DefaultBinderFactory      : Constructing binder child context for rabbit
2024-08-31T17:38:01.165+05:30  INFO 15708 --- [           main] o.s.c.s.binder.DefaultBinderFactory      : Caching the binder: rabbit
2024-08-31T17:38:01.268+05:30  INFO 15708 --- [           main] c.s.b.r.p.RabbitExchangeQueueProvisioner : declaring queue for inbound: springCloudBus.anonymous.IGL490FeSim42ehblMukIg, bound to: springCloudBus
2024-08-31T17:38:01.281+05:30  INFO 15708 --- [           main] o.s.a.r.c.CachingConnectionFactory       : Attempting to connect to: [localhost:5672]
2024-08-31T17:38:01.295+05:30  INFO 15708 --- [           main] o.s.a.r.c.CachingConnectionFactory       : Attempting to connect to: [localhost:5672]
2024-08-31T17:38:01.303+05:30  INFO 15708 --- [           main] o.s.a.r.c.CachingConnectionFactory       : Attempting to connect to: [localhost:5672]
2024-08-31T17:38:01.350+05:30  INFO 15708 --- [           main] o.s.c.stream.binder.BinderErrorChannel   : Channel 'rabbit-1850902397.springCloudBusInput.errors' has 1 subscriber(s).
2024-08-31T17:38:01.352+05:30  INFO 15708 --- [           main] o.s.c.stream.binder.BinderErrorChannel   : Channel 'rabbit-1850902397.springCloudBusInput.errors' has 2 subscriber(s).
2024-08-31T17:38:01.357+05:30  INFO 15708 --- [           main] o.s.a.r.c.CachingConnectionFactory       : Attempting to connect to: [localhost:5672]
2024-08-31T17:38:01.360+05:30  INFO 15708 --- [           main] o.s.a.r.l.SimpleMessageListenerContainer : Broker not available; cannot force queue declarations during start: java.net.ConnectException: Connection refused: no further information
2024-08-31T17:38:01.383+05:30  INFO 15708 --- [im42ehblMukIg-1] o.s.a.r.c.CachingConnectionFactory       : Attempting to connect to: [localhost:5672]
2024-08-31T17:38:01.386+05:30  INFO 15708 --- [           main] o.s.i.a.i.AmqpInboundChannelAdapter      : started bean 'inbound.springCloudBus.anonymous.IGL490FeSim42ehblMukIg'
2024-08-31T17:38:01.452+05:30  INFO 15708 --- [           main] c.eazybytes.loans.LoansApplicationTests  : Started LoansApplicationTests in 21.109 seconds (process running for 23.586)
]]></system-out>
  </testcase>
</testsuite>