<?xml version="1.0" encoding="UTF-8"?>
<testsuite xmlns:xsi="http://www.w3.org/2001/XMLSchema-instance" xsi:noNamespaceSchemaLocation="https://maven.apache.org/surefire/maven-surefire-plugin/xsd/surefire-test-report-3.0.xsd" version="3.0" name="com.eazybytes.accounts.AccountsApplicationTests" time="19.698" tests="1" errors="0" skipped="0" failures="0">
  <properties>
[...]
</properties>
  <testcase name="contextLoads" classname="com.eazybytes.accounts.AccountsApplicationTests" time="0.961">
    <system-out><![CDATA[18:43:10.624 [main] INFO org.springframework.test.context.support.AnnotationConfigContextLoaderUtils -- Could not detect default configuration classes for test class [com.eazybytes.accounts.AccountsApplicationTests]: AccountsApplicationTests does not declare any static, non-private, non-final, nested classes annotated with @Configuration.
18:43:10.878 [main] INFO org.springframework.boot.test.context.SpringBootTestContextBootstrapper -- Found @SpringBootConfiguration com.eazybytes.accounts.AccountsApplication for test class com.eazybytes.accounts.AccountsApplicationTests
18:43:11.275 [main] INFO org.springframework.boot.devtools.restart.RestartApplicationListener -- Restart disabled due to context in which it is running

  .   ____          _            __ _ _
 /\\ / ___'_ __ _ _(_)_ __  __ _ \ \ \ \
( ( )\___ | '_ | '_| | '_ \/ _` | \ \ \ \
 \\/  ___)| |_)| | | | | || (_| |  ) ) ) )
  '  |____| .__|_| |_|_| |_\__, | / / / /
 =========|_|==============|___/=/_/_/_/

 :: Spring Boot ::                (v3.3.2)

2024-09-08T18:43:14.156+05:30  INFO 15660 --- [accounts] [           main] c.e.accounts.AccountsApplicationTests    : Starting AccountsApplicationTests using Java 17.0.6 with PID 15660 (started by dnagasre in C:\Users\dnagasre\OneDrive - Capgemini\Documents\Spring Cloud\Course code\Learn\accounts)
2024-09-08T18:43:14.158+05:30  INFO 15660 --- [accounts] [           main] c.e.accounts.AccountsApplicationTests    : The following 1 profile is active: "default"
2024-09-08T18:43:14.218+05:30  INFO 15660 --- [accounts] [           main] o.s.c.c.c.ConfigServerConfigDataLoader   : Fetching config from server at : http://localhost:8088/
2024-09-08T18:43:14.218+05:30  INFO 15660 --- [accounts] [           main] o.s.c.c.c.ConfigServerConfigDataLoader   : Located environment: name=accounts, profiles=[default], label=null, version=061129110b072119f85dbd7bb09d9e3461c1ce18, state=null
2024-09-08T18:43:16.426+05:30  INFO 15660 --- [accounts] [           main] .s.d.r.c.RepositoryConfigurationDelegate : Bootstrapping Spring Data JPA repositories in DEFAULT mode.
2024-09-08T18:43:16.728+05:30  INFO 15660 --- [accounts] [           main] .s.d.r.c.RepositoryConfigurationDelegate : Finished Spring Data repository scanning in 285 ms. Found 2 JPA repository interfaces.
2024-09-08T18:43:17.317+05:30  INFO 15660 --- [accounts] [           main] o.s.cloud.context.scope.GenericScope     : BeanFactory id=93f2392b-b996-3d53-a6d2-49020a593d82
2024-09-08T18:43:18.132+05:30  WARN 15660 --- [accounts] [           main] trationDelegate$BeanPostProcessorChecker : Bean 'org.springframework.cloud.client.loadbalancer.LoadBalancerAutoConfiguration$DeferringLoadBalancerInterceptorConfig' of type [org.springframework.cloud.client.loadbalancer.LoadBalancerAutoConfiguration$DeferringLoadBalancerInterceptorConfig] is not eligible for getting processed by all BeanPostProcessors (for example: not eligible for auto-proxying). The currently created BeanPostProcessor [lbRestClientPostProcessor] is declared through a non-static factory method on that class; consider declaring it as static instead.
2024-09-08T18:43:18.139+05:30  WARN 15660 --- [accounts] [           main] trationDelegate$BeanPostProcessorChecker : Bean 'deferringLoadBalancerInterceptor' of type [org.springframework.cloud.client.loadbalancer.DeferringLoadBalancerInterceptor] is not eligible for getting processed by all BeanPostProcessors (for example: not eligible for auto-proxying). Is this bean getting eagerly injected into a currently created BeanPostProcessor [lbRestClientPostProcessor]? Check the corresponding BeanPostProcessor declaration and its dependencies.
2024-09-08T18:43:18.318+05:30  INFO 15660 --- [accounts] [           main] com.zaxxer.hikari.HikariDataSource       : HikariPool-1 - Starting...
2024-09-08T18:43:18.801+05:30  INFO 15660 --- [accounts] [           main] com.zaxxer.hikari.pool.HikariPool        : HikariPool-1 - Added connection conn0: url=jdbc:h2:mem:testdb user=SA
2024-09-08T18:43:18.804+05:30  INFO 15660 --- [accounts] [           main] com.zaxxer.hikari.HikariDataSource       : HikariPool-1 - Start completed.
2024-09-08T18:43:19.072+05:30  INFO 15660 --- [accounts] [           main] o.hibernate.jpa.internal.util.LogHelper  : HHH000204: Processing PersistenceUnitInfo [name: default]
2024-09-08T18:43:19.247+05:30  INFO 15660 --- [accounts] [           main] org.hibernate.Version                    : HHH000412: Hibernate ORM core version 6.5.2.Final
2024-09-08T18:43:19.359+05:30  INFO 15660 --- [accounts] [           main] o.h.c.internal.RegionFactoryInitiator    : HHH000026: Second-level cache disabled
2024-09-08T18:43:20.126+05:30  INFO 15660 --- [accounts] [           main] o.s.o.j.p.SpringPersistenceUnitInfo      : No LoadTimeWeaver setup: ignoring JPA class transformer
2024-09-08T18:43:21.793+05:30  INFO 15660 --- [accounts] [           main] o.h.e.t.j.p.i.JtaPlatformInitiator       : HHH000489: No JTA platform available (set 'hibernate.transaction.jta.platform' to enable JTA platform integration)
Hibernate: alter table if exists accounts alter column account_number set data type bigint
Hibernate: alter table if exists accounts alter column created_at set data type timestamp(6)
Hibernate: alter table if exists accounts alter column created_by set data type varchar(255)
Hibernate: alter table if exists accounts alter column updated_at set data type timestamp(6)
Hibernate: alter table if exists accounts alter column updated_by set data type varchar(255)
Hibernate: alter table if exists accounts alter column account_type set data type varchar(255)
Hibernate: alter table if exists accounts alter column branch_address set data type varchar(255)
Hibernate: alter table if exists accounts alter column customer_id set data type bigint
Hibernate: alter table if exists customer alter column customer_id set data type bigint
Hibernate: alter table if exists customer alter column created_at set data type timestamp(6)
Hibernate: alter table if exists customer alter column created_by set data type varchar(255)
Hibernate: alter table if exists customer alter column updated_at set data type timestamp(6)
Hibernate: alter table if exists customer alter column updated_by set data type varchar(255)
Hibernate: alter table if exists customer alter column email set data type varchar(255)
Hibernate: alter table if exists customer alter column mobile_number set data type varchar(255)
Hibernate: alter table if exists customer alter column name set data type varchar(255)
2024-09-08T18:43:21.902+05:30  INFO 15660 --- [accounts] [           main] j.LocalContainerEntityManagerFactoryBean : Initialized JPA EntityManagerFactory for persistence unit 'default'
2024-09-08T18:43:23.040+05:30  WARN 15660 --- [accounts] [           main] JpaBaseConfiguration$JpaWebConfiguration : spring.jpa.open-in-view is enabled by default. Therefore, database queries may be performed during view rendering. Explicitly configure spring.jpa.open-in-view to disable this warning
2024-09-08T18:43:24.316+05:30  INFO 15660 --- [accounts] [           main] o.s.c.openfeign.FeignClientFactoryBean   : For 'cards' URL not provided. Will try picking an instance via load-balancing.
2024-09-08T18:43:24.452+05:30  INFO 15660 --- [accounts] [           main] o.s.c.openfeign.FeignClientFactoryBean   : For 'loans' URL not provided. Will try picking an instance via load-balancing.
2024-09-08T18:43:27.569+05:30  INFO 15660 --- [accounts] [           main] DiscoveryClientOptionalArgsConfiguration : Eureka HTTP Client uses RestTemplate.
2024-09-08T18:43:27.644+05:30  WARN 15660 --- [accounts] [           main] iguration$LoadBalancerCaffeineWarnLogger : Spring Cloud LoadBalancer is currently working with the default cache. While this cache implementation is useful for development and tests, it's recommended to use Caffeine cache in production.You can switch to using Caffeine cache, by adding it and org.springframework.cache.caffeine.CaffeineCacheManager to the classpath.
2024-09-08T18:43:27.682+05:30  INFO 15660 --- [accounts] [           main] o.s.b.a.e.web.EndpointLinksResolver      : Exposing 17 endpoints beneath base path '/actuator'
2024-09-08T18:43:27.825+05:30  INFO 15660 --- [accounts] [           main] o.s.c.n.eureka.InstanceInfoFactory       : Setting initial instance status as: STARTING
2024-09-08T18:43:28.017+05:30  INFO 15660 --- [accounts] [           main] com.netflix.discovery.DiscoveryClient    : Initializing Eureka in region us-east-1
2024-09-08T18:43:28.027+05:30  INFO 15660 --- [accounts] [           main] c.n.d.s.r.aws.ConfigClusterResolver      : Resolving eureka endpoints via configuration
2024-09-08T18:43:28.087+05:30  INFO 15660 --- [accounts] [           main] com.netflix.discovery.DiscoveryClient    : Disable delta property : false
2024-09-08T18:43:28.087+05:30  INFO 15660 --- [accounts] [           main] com.netflix.discovery.DiscoveryClient    : Single vip registry refresh property : null
2024-09-08T18:43:28.088+05:30  INFO 15660 --- [accounts] [           main] com.netflix.discovery.DiscoveryClient    : Force full registry fetch : false
2024-09-08T18:43:28.088+05:30  INFO 15660 --- [accounts] [           main] com.netflix.discovery.DiscoveryClient    : Application is null : false
2024-09-08T18:43:28.088+05:30  INFO 15660 --- [accounts] [           main] com.netflix.discovery.DiscoveryClient    : Registered Applications size is zero : true
2024-09-08T18:43:28.088+05:30  INFO 15660 --- [accounts] [           main] com.netflix.discovery.DiscoveryClient    : Application version is -1: true
2024-09-08T18:43:28.088+05:30  INFO 15660 --- [accounts] [           main] com.netflix.discovery.DiscoveryClient    : Getting all instance registry info from the eureka server
2024-09-08T18:43:28.741+05:30  INFO 15660 --- [accounts] [           main] com.netflix.discovery.DiscoveryClient    : The response status is 200
2024-09-08T18:43:28.747+05:30  INFO 15660 --- [accounts] [           main] com.netflix.discovery.DiscoveryClient    : Starting heartbeat executor: renew interval is: 30
2024-09-08T18:43:28.753+05:30  INFO 15660 --- [accounts] [           main] c.n.discovery.InstanceInfoReplicator     : InstanceInfoReplicator onDemand update allowed rate per min is 4
2024-09-08T18:43:28.761+05:30  INFO 15660 --- [accounts] [           main] com.netflix.discovery.DiscoveryClient    : Discovery Client initialized at timestamp 1725801208760 with initial instances count: 2
2024-09-08T18:43:28.771+05:30  INFO 15660 --- [accounts] [           main] o.s.c.n.e.s.EurekaServiceRegistry        : Registering application ACCOUNTS with eureka with status UP
2024-09-08T18:43:28.773+05:30  INFO 15660 --- [accounts] [           main] com.netflix.discovery.DiscoveryClient    : Saw local status change event StatusChangeEvent [timestamp=1725801208773, current=UP, previous=STARTING]
2024-09-08T18:43:28.777+05:30  INFO 15660 --- [accounts] [nfoReplicator-0] com.netflix.discovery.DiscoveryClient    : DiscoveryClient_ACCOUNTS/host.docker.internal:accounts:8081: registering service...
2024-09-08T18:43:28.818+05:30  INFO 15660 --- [accounts] [           main] c.e.accounts.AccountsApplicationTests    : Started AccountsApplicationTests in 17.573 seconds (process running for 20.197)
2024-09-08T18:43:28.885+05:30  INFO 15660 --- [accounts] [nfoReplicator-0] com.netflix.discovery.DiscoveryClient    : DiscoveryClient_ACCOUNTS/host.docker.internal:accounts:8081 - registration status: 204
]]></system-out>
  </testcase>
</testsuite>